<?xml version="1.0" encoding="UTF-8"?>
<!-- Generated by org.testng.reporters.JUnitReportReporter -->
<testsuite hostname="DESKTOP-0NUUHCS" failures="0" tests="1" name="extentReports.ExtentReprts" time="0.028" errors="0" timestamp="2021-01-21T17:54:50 IST" skipped="0">
  <testcase classname="extentReports.ExtentReprts" name="testdemo" time="0.028"/>
</testsuite> <!-- extentReports.ExtentReprts -->
