<?xml version="1.0" encoding="UTF-8"?>
<!-- Generated by org.testng.reporters.JUnitReportReporter -->
<testsuite hostname="DESKTOP-0NUUHCS" failures="0" tests="1" name="test.BookingSearch" time="60.729" errors="0" timestamp="2021-01-20T20:08:06 IST" skipped="0">
  <testcase classname="test.BookingSearch" name="booktest1" time="60.729"/>
</testsuite> <!-- test.BookingSearch -->
