<?xml version="1.0" encoding="UTF-8"?>
<!-- Generated by org.testng.reporters.JUnitReportReporter -->
<testsuite hostname="DESKTOP-0NUUHCS" failures="0" tests="1" name="extentReports.ExtentReportsClass" time="23.765" errors="0" timestamp="2021-01-21T19:40:45 IST" skipped="0">
  <testcase classname="extentReports.ExtentReportsClass" name="test1" time="23.765"/>
</testsuite> <!-- extentReports.ExtentReportsClass -->
